This is pdfTeX, Version 3.14159265-2.6-1.40.16 (TeX Live 2015/Arch Linux) (preloaded format=pdflatex 2016.3.28)  29 MAY 2016 19:37
entering extended mode
 restricted \write18 enabled.
 %&-line parsing enabled.
**main.tex
(./main.tex
LaTeX2e <2015/10/01> patch level 2
Babel <3.9m> and hyphenation patterns for 79 languages loaded.
\@input{settings.aux}
\openout2 = `settings.aux'.

(./settings.tex (/usr/share/texmf-dist/tex/latex/base/article.cls
Document Class: article 2014/09/29 v1.4h Standard LaTeX document class
(/usr/share/texmf-dist/tex/latex/base/size10.clo
File: size10.clo 2014/09/29 v1.4h Standard LaTeX file (size option)
)
\c@part=\count79
\c@section=\count80
\c@subsection=\count81
\c@subsubsection=\count82
\c@paragraph=\count83
\c@subparagraph=\count84
\c@figure=\count85
\c@table=\count86
\abovecaptionskip=\skip41
\belowcaptionskip=\skip42
\bibindent=\dimen102
)
(/usr/share/texmf-dist/tex/latex/base/inputenc.sty
Package: inputenc 2015/03/17 v1.2c Input encoding file
\inpenc@prehook=\toks14
\inpenc@posthook=\toks15

(/usr/share/texmf-dist/tex/latex/ucs/utf8x.def
File: utf8x.def 2004/10/17 UCS: Input encoding UTF-8
))
(/usr/share/texmf-dist/tex/latex/ucs/ucs.sty
Package: ucs 2013/05/11 v2.2 UCS: Unicode input support

(/usr/share/texmf-dist/tex/latex/ucs/data/uni-global.def
File: uni-global.def 2013/05/13 UCS: Unicode global data
)
\uc@secondtry=\count87
\uc@combtoks=\toks16
\uc@combtoksb=\toks17
\uc@temptokena=\toks18
)
(/usr/share/texmf-dist/tex/latex/base/fontenc.sty
Package: fontenc 2005/09/27 v1.99g Standard LaTeX package

(/usr/share/texmf-dist/tex/latex/base/t1enc.def
File: t1enc.def 2005/09/27 v1.99g Standard LaTeX file
LaTeX Font Info:    Redeclaring font encoding T1 on input line 48.
)
(/usr/share/texmf-dist/tex/latex/cyrillic/t2aenc.def
File: t2aenc.def 2005/09/27 v1.0i Cyrillic encoding definition file
)
LaTeX Font Info:    Try loading font information for T2A+cmr on input line 105.


(/usr/share/texmf-dist/tex/latex/cyrillic/t2acmr.fd
File: t2acmr.fd 2001/08/11 v1.0a Computer Modern Cyrillic font definitions
))
(/usr/share/texmf-dist/tex/generic/babel/babel.sty
Package: babel 2015/08/03 3.9m The Babel package

(/usr/share/texmf-dist/tex/generic/babel-russian/russianb.ldf
Language: russianb 2015/05/01 1.3g Russian support for the Babel system

(/usr/share/texmf-dist/tex/generic/babel/babel.def
File: babel.def 2015/08/03 3.9m Babel common definitions
\babel@savecnt=\count88
\U@D=\dimen103
)
Package babel Info: Making " an active character on input line 111.
))
(/usr/share/texmf-dist/tex/latex/hyperref/hyperref.sty
Package: hyperref 2012/11/06 v6.83m Hypertext links for LaTeX

(/usr/share/texmf-dist/tex/generic/oberdiek/hobsub-hyperref.sty
Package: hobsub-hyperref 2012/05/28 v1.13 Bundle oberdiek, subset hyperref (HO)


(/usr/share/texmf-dist/tex/generic/oberdiek/hobsub-generic.sty
Package: hobsub-generic 2012/05/28 v1.13 Bundle oberdiek, subset generic (HO)
Package: hobsub 2012/05/28 v1.13 Construct package bundles (HO)
Package: infwarerr 2010/04/08 v1.3 Providing info/warning/error messages (HO)
Package: ltxcmds 2011/11/09 v1.22 LaTeX kernel commands for general use (HO)
Package: ifluatex 2010/03/01 v1.3 Provides the ifluatex switch (HO)
Package ifluatex Info: LuaTeX not detected.
Package: ifvtex 2010/03/01 v1.5 Detect VTeX and its facilities (HO)
Package ifvtex Info: VTeX not detected.
Package: intcalc 2007/09/27 v1.1 Expandable calculations with integers (HO)
Package: ifpdf 2011/01/30 v2.3 Provides the ifpdf switch (HO)
Package ifpdf Info: pdfTeX in PDF mode is detected.
Package: etexcmds 2011/02/16 v1.5 Avoid name clashes with e-TeX commands (HO)
Package etexcmds Info: Could not find \expanded.
(etexcmds)             That can mean that you are not using pdfTeX 1.50 or
(etexcmds)             that some package has redefined \expanded.
(etexcmds)             In the latter case, load this package earlier.
Package: kvsetkeys 2012/04/25 v1.16 Key value parser (HO)
Package: kvdefinekeys 2011/04/07 v1.3 Define keys (HO)
Package: pdftexcmds 2011/11/29 v0.20 Utility functions of pdfTeX for LuaTeX (HO
)
Package pdftexcmds Info: LuaTeX not detected.
Package pdftexcmds Info: \pdf@primitive is available.
Package pdftexcmds Info: \pdf@ifprimitive is available.
Package pdftexcmds Info: \pdfdraftmode found.
Package: pdfescape 2011/11/25 v1.13 Implements pdfTeX's escape features (HO)
Package: bigintcalc 2012/04/08 v1.3 Expandable calculations on big integers (HO
)
Package: bitset 2011/01/30 v1.1 Handle bit-vector datatype (HO)
Package: uniquecounter 2011/01/30 v1.2 Provide unlimited unique counter (HO)
)
Package hobsub Info: Skipping package `hobsub' (already loaded).
Package: letltxmacro 2010/09/02 v1.4 Let assignment for LaTeX macros (HO)
Package: hopatch 2012/05/28 v1.2 Wrapper for package hooks (HO)
Package: xcolor-patch 2011/01/30 xcolor patch
Package: atveryend 2011/06/30 v1.8 Hooks at the very end of document (HO)
Package atveryend Info: \enddocument detected (standard20110627).
Package: atbegshi 2011/10/05 v1.16 At begin shipout hook (HO)
Package: refcount 2011/10/16 v3.4 Data extraction from label references (HO)
Package: hycolor 2011/01/30 v1.7 Color options for hyperref/bookmark (HO)
)
(/usr/share/texmf-dist/tex/latex/graphics/keyval.sty
Package: keyval 2014/10/28 v1.15 key=value parser (DPC)
\KV@toks@=\toks19
)
(/usr/share/texmf-dist/tex/generic/ifxetex/ifxetex.sty
Package: ifxetex 2010/09/12 v0.6 Provides ifxetex conditional
)
(/usr/share/texmf-dist/tex/latex/oberdiek/auxhook.sty
Package: auxhook 2011/03/04 v1.3 Hooks for auxiliary files (HO)
)
(/usr/share/texmf-dist/tex/latex/oberdiek/kvoptions.sty
Package: kvoptions 2011/06/30 v3.11 Key value format for package options (HO)
)
\@linkdim=\dimen104
\Hy@linkcounter=\count89
\Hy@pagecounter=\count90

(/usr/share/texmf-dist/tex/latex/hyperref/pd1enc.def
File: pd1enc.def 2012/11/06 v6.83m Hyperref: PDFDocEncoding definition (HO)
)
\Hy@SavedSpaceFactor=\count91
Package hyperref Info: Option `unicode' set `true' on input line 3411.

(/usr/share/texmf-dist/tex/latex/hyperref/puenc.def
File: puenc.def 2012/11/06 v6.83m Hyperref: PDF Unicode definition (HO)
)
(/usr/share/texmf-dist/tex/latex/latexconfig/hyperref.cfg
File: hyperref.cfg 2002/06/06 v1.2 hyperref configuration of TeXLive
)
Package hyperref Info: Hyper figures OFF on input line 4443.
Package hyperref Info: Link nesting OFF on input line 4448.
Package hyperref Info: Hyper index ON on input line 4451.
Package hyperref Info: Plain pages OFF on input line 4458.
Package hyperref Info: Backreferencing OFF on input line 4463.
Package hyperref Info: Implicit mode ON; LaTeX internals redefined.
Package hyperref Info: Bookmarks ON on input line 4688.
\c@Hy@tempcnt=\count92

(/usr/share/texmf-dist/tex/latex/url/url.sty
\Urlmuskip=\muskip10
Package: url 2013/09/16  ver 3.4  Verb mode for urls, etc.
)
LaTeX Info: Redefining \url on input line 5041.
\XeTeXLinkMargin=\dimen105
\Fld@menulength=\count93
\Field@Width=\dimen106
\Fld@charsize=\dimen107
Package hyperref Info: Hyper figures OFF on input line 6295.
Package hyperref Info: Link nesting OFF on input line 6300.
Package hyperref Info: Hyper index ON on input line 6303.
Package hyperref Info: backreferencing OFF on input line 6310.
Package hyperref Info: Link coloring OFF on input line 6315.
Package hyperref Info: Link coloring with OCG OFF on input line 6320.
Package hyperref Info: PDF/A mode OFF on input line 6325.
LaTeX Info: Redefining \ref on input line 6365.
LaTeX Info: Redefining \pageref on input line 6369.
\Hy@abspage=\count94
\c@Item=\count95
\c@Hfootnote=\count96
)

Package hyperref Message: Driver (autodetected): hpdftex.

(/usr/share/texmf-dist/tex/latex/hyperref/hpdftex.def
File: hpdftex.def 2012/11/06 v6.83m Hyperref driver for pdfTeX
\Fld@listcount=\count97
\c@bookmark@seq@number=\count98

(/usr/share/texmf-dist/tex/latex/oberdiek/rerunfilecheck.sty
Package: rerunfilecheck 2011/04/15 v1.7 Rerun checks for auxiliary files (HO)
Package uniquecounter Info: New unique counter `rerunfilecheck' on input line 2
82.
)
\Hy@SectionHShift=\skip43
)
(/usr/share/texmf-dist/tex/latex/tools/indentfirst.sty
Package: indentfirst 1995/11/23 v1.03 Indent first paragraph (DPC)
)
(/usr/share/texmf-dist/tex/latex/listings/listings.sty
\lst@mode=\count99
\lst@gtempboxa=\box26
\lst@token=\toks20
\lst@length=\count100
\lst@currlwidth=\dimen108
\lst@column=\count101
\lst@pos=\count102
\lst@lostspace=\dimen109
\lst@width=\dimen110
\lst@newlines=\count103
\lst@lineno=\count104
\lst@maxwidth=\dimen111

(/usr/share/texmf-dist/tex/latex/listings/lstmisc.sty
File: lstmisc.sty 2015/06/04 1.6 (Carsten Heinz)
\c@lstnumber=\count105
\lst@skipnumbers=\count106
\lst@framebox=\box27
)
(/usr/share/texmf-dist/tex/latex/listings/listings.cfg
File: listings.cfg 2015/06/04 1.6 listings configuration
))
Package: listings 2015/06/04 1.6 (Carsten Heinz)

(/usr/share/texmf-dist/tex/latex/graphics/color.sty
Package: color 2014/10/28 v1.1a Standard LaTeX Color (DPC)

(/usr/share/texmf-dist/tex/latex/latexconfig/color.cfg
File: color.cfg 2007/01/18 v1.5 color configuration of teTeX/TeXLive
)
Package color Info: Driver file: pdftex.def on input line 142.

(/usr/share/texmf-dist/tex/latex/pdftex-def/pdftex.def
File: pdftex.def 2011/05/27 v0.06d Graphics/color for pdfTeX
\Gread@gobject=\count107
))
(/usr/share/texmf-dist/tex/latex/here/here.sty)
(/usr/share/texmf-dist/tex/latex/float/float.sty
Package: float 2001/11/08 v1.3d Float enhancements (AL)
\c@float@type=\count108
\float@exts=\toks21
\float@box=\box28
\@float@everytoks=\toks22
\@floatcapt=\box29
)
(/usr/share/texmf-dist/tex/latex/tools/array.sty
Package: array 2014/10/28 v2.4c Tabular extension package (FMi)
\col@sep=\dimen112
\extrarowheight=\dimen113
\NC@list=\toks23
\extratabsurround=\skip44
\backup@length=\skip45
)
(/usr/share/texmf-dist/tex/latex/multirow/multirow.sty
\bigstrutjot=\dimen114
)
(/usr/share/texmf-dist/tex/latex/graphics/graphicx.sty
Package: graphicx 2014/10/28 v1.0g Enhanced LaTeX Graphics (DPC,SPQR)

(/usr/share/texmf-dist/tex/latex/graphics/graphics.sty
Package: graphics 2014/10/28 v1.0p Standard LaTeX Graphics (DPC,SPQR)

(/usr/share/texmf-dist/tex/latex/graphics/trig.sty
Package: trig 1999/03/16 v1.09 sin cos tan (DPC)
)
(/usr/share/texmf-dist/tex/latex/latexconfig/graphics.cfg
File: graphics.cfg 2010/04/23 v1.9 graphics configuration of TeX Live
)
Package graphics Info: Driver file: pdftex.def on input line 94.
)
\Gin@req@height=\dimen115
\Gin@req@width=\dimen116
)
(/usr/share/texmf-dist/tex/latex/tools/multicol.sty
Package: multicol 2015/08/19 v1.8n multicolumn formatting (FMi)
\c@tracingmulticols=\count109
\mult@box=\box30
\multicol@leftmargin=\dimen117
\c@unbalance=\count110
\c@collectmore=\count111
\doublecol@number=\count112
\multicoltolerance=\count113
\multicolpretolerance=\count114
\full@width=\dimen118
\page@free=\dimen119
\premulticols=\dimen120
\postmulticols=\dimen121
\multicolsep=\skip46
\multicolbaselineskip=\skip47
\partial@page=\box31
\last@line=\box32
\maxbalancingoverflow=\dimen122
\mult@rightbox=\box33
\mult@grightbox=\box34
\mult@gfirstbox=\box35
\mult@firstbox=\box36
\@tempa=\box37
\@tempa=\box38
\@tempa=\box39
\@tempa=\box40
\@tempa=\box41
\@tempa=\box42
\@tempa=\box43
\@tempa=\box44
\@tempa=\box45
\@tempa=\box46
\@tempa=\box47
\@tempa=\box48
\@tempa=\box49
\@tempa=\box50
\@tempa=\box51
\@tempa=\box52
\@tempa=\box53
\c@columnbadness=\count115
\c@finalcolumnbadness=\count116
\last@try=\dimen123
\multicolovershoot=\dimen124
\multicolundershoot=\dimen125
\mult@nat@firstbox=\box54
\colbreak@box=\box55
\mc@col@check@num=\count117
)
(/usr/share/texmf-dist/tex/latex/caption/caption.sty
Package: caption 2015/09/17 v3.3-111 Customizing captions (AR)

(/usr/share/texmf-dist/tex/latex/caption/caption3.sty
Package: caption3 2015/09/20 v1.7-115 caption3 kernel (AR)
Package caption3 Info: TeX engine: e-TeX on input line 57.
\captionmargin=\dimen126
\captionmargin@=\dimen127
\captionwidth=\dimen128
\caption@tempdima=\dimen129
\caption@indent=\dimen130
\caption@parindent=\dimen131
\caption@hangindent=\dimen132
)
\c@ContinuedFloat=\count118
Package caption Info: float package is loaded.
Package caption Info: hyperref package is loaded.
Package caption Info: listings package is loaded.
)
(/usr/share/texmf-dist/tex/latex/listings/lstlang1.sty
File: lstlang1.sty 2015/06/04 1.6 listings language file
)
(/usr/share/texmf-dist/tex/latex/listings/lstlang1.sty
File: lstlang1.sty 2015/06/04 1.6 listings language file
))
(/usr/share/texmf-dist/tex/latex/geometry/geometry.sty
Package: geometry 2010/09/12 v5.6 Page Geometry
\Gm@cnth=\count119
\Gm@cntv=\count120
\c@Gm@tempcnt=\count121
\Gm@bindingoffset=\dimen133
\Gm@wd@mp=\dimen134
\Gm@odd@mp=\dimen135
\Gm@even@mp=\dimen136
\Gm@layoutwidth=\dimen137
\Gm@layoutheight=\dimen138
\Gm@layouthoffset=\dimen139
\Gm@layoutvoffset=\dimen140
\Gm@dimlist=\toks24
) (./main.aux
(./titlepage.aux)

LaTeX Warning: Label `pic:pic_name' multiply defined.

)
\openout1 = `main.aux'.

LaTeX Font Info:    Checking defaults for OML/cmm/m/it on input line 3.
LaTeX Font Info:    ... okay on input line 3.
LaTeX Font Info:    Checking defaults for T1/cmr/m/n on input line 3.
LaTeX Font Info:    ... okay on input line 3.
LaTeX Font Info:    Checking defaults for OT1/cmr/m/n on input line 3.
LaTeX Font Info:    ... okay on input line 3.
LaTeX Font Info:    Checking defaults for OMS/cmsy/m/n on input line 3.
LaTeX Font Info:    ... okay on input line 3.
LaTeX Font Info:    Checking defaults for OMX/cmex/m/n on input line 3.
LaTeX Font Info:    ... okay on input line 3.
LaTeX Font Info:    Checking defaults for U/cmr/m/n on input line 3.
LaTeX Font Info:    ... okay on input line 3.
LaTeX Font Info:    Checking defaults for T2A/cmr/m/n on input line 3.
LaTeX Font Info:    ... okay on input line 3.
LaTeX Font Info:    Checking defaults for PD1/pdf/m/n on input line 3.
LaTeX Font Info:    ... okay on input line 3.
LaTeX Font Info:    Checking defaults for PU/pdf/m/n on input line 3.
LaTeX Font Info:    ... okay on input line 3.
 (/usr/share/texmf-dist/tex/latex/ucs/ucsencs.def
File: ucsencs.def 2011/01/21 Fixes to fontencodings LGR, T3
)
\AtBeginShipoutBox=\box56
Package hyperref Info: Link coloring OFF on input line 3.

(/usr/share/texmf-dist/tex/latex/hyperref/nameref.sty
Package: nameref 2012/10/27 v2.43 Cross-referencing by name of section

(/usr/share/texmf-dist/tex/generic/oberdiek/gettitlestring.sty
Package: gettitlestring 2010/12/03 v1.4 Cleanup title references (HO)
)
\c@section@level=\count122
)
LaTeX Info: Redefining \ref on input line 3.
LaTeX Info: Redefining \pageref on input line 3.
LaTeX Info: Redefining \nameref on input line 3.
 (./main.out)
(./main.out)
\@outlinefile=\write3
\openout3 = `main.out'.

\c@lstlisting=\count123
 (/usr/share/texmf-dist/tex/context/base/supp-pdf.mkii
[Loading MPS to PDF converter (version 2006.09.02).]
\scratchcounter=\count124
\scratchdimen=\dimen141
\scratchbox=\box57
\nofMPsegments=\count125
\nofMParguments=\count126
\everyMPshowfont=\toks25
\MPscratchCnt=\count127
\MPscratchDim=\dimen142
\MPnumerator=\count128
\makeMPintoPDFobject=\count129
\everyMPtoPDFconversion=\toks26
) (/usr/share/texmf-dist/tex/latex/oberdiek/epstopdf-base.sty
Package: epstopdf-base 2010/02/09 v2.5 Base part for package epstopdf

(/usr/share/texmf-dist/tex/latex/oberdiek/grfext.sty
Package: grfext 2010/08/19 v1.1 Manage graphics extensions (HO)
)
Package grfext Info: Graphics extension search list:
(grfext)             [.png,.pdf,.jpg,.mps,.jpeg,.jbig2,.jb2,.PNG,.PDF,.JPG,.JPE
G,.JBIG2,.JB2,.eps]
(grfext)             \AppendGraphicsExtensions on input line 452.

(/usr/share/texmf-dist/tex/latex/latexconfig/epstopdf-sys.cfg
File: epstopdf-sys.cfg 2010/07/13 v1.3 Configuration of (r)epstopdf for TeX Liv
e
))
Package caption Info: Begin \AtBeginDocument code.
Package caption Info: End \AtBeginDocument code.

*geometry* driver: auto-detecting
*geometry* detected driver: pdftex
*geometry* verbose mode - [ preamble ] result:
* driver: pdftex
* paper: a4paper
* layout: <same size as paper>
* layoutoffset:(h,v)=(0.0pt,0.0pt)
* modes: 
* h-part:(L,W,R)=(56.9055pt, 483.69687pt, 56.9055pt)
* v-part:(T,H,B)=(56.9055pt, 731.23584pt, 56.9055pt)
* \paperwidth=597.50787pt
* \paperheight=845.04684pt
* \textwidth=483.69687pt
* \textheight=731.23584pt
* \oddsidemargin=-15.36449pt
* \evensidemargin=-15.36449pt
* \topmargin=-52.36449pt
* \headheight=12.0pt
* \headsep=25.0pt
* \topskip=10.0pt
* \footskip=30.0pt
* \marginparwidth=57.0pt
* \marginparsep=11.0pt
* \columnsep=10.0pt
* \skip\footins=9.0pt plus 4.0pt minus 2.0pt
* \hoffset=0.0pt
* \voffset=0.0pt
* \mag=1000
* \@twocolumnfalse
* \@twosidefalse
* \@mparswitchfalse
* \@reversemarginfalse
* (1in=72.27pt=25.4mm, 1cm=28.453pt)

\openout2 = `titlepage.aux'.

(./titlepage.tex (/usr/share/texmf-dist/tex/latex/ucs/data/uni-4.def
File: uni-4.def 2013/05/13 UCS: Unicode data U+0400..U+04FF
)
LaTeX Font Info:    External font `cmex10' loaded for size
(Font)              <7> on input line 29.
LaTeX Font Info:    External font `cmex10' loaded for size
(Font)              <5> on input line 29.
Package babel Info: Redefining russian shorthand "|
(babel)             in language append on input line 40.
Package babel Info: Redefining russian shorthand "~
(babel)             in language append on input line 40.
Package babel Info: Redefining russian shorthand "|
(babel)             in language append on input line 40.
Package babel Info: Redefining russian shorthand "~
(babel)             in language append on input line 40.
 [1




{/var/lib/texmf/fonts/map/pdftex/updmap/pdftex.map}]) (./main.toc)
\tf@toc=\write4
\openout4 = `main.toc'.

Package babel Info: Redefining russian shorthand "|
(babel)             in language append on input line 10.
Package babel Info: Redefining russian shorthand "~
(babel)             in language append on input line 10.
Package babel Info: Redefining russian shorthand "|
(babel)             in language append on input line 10.
Package babel Info: Redefining russian shorthand "~
(babel)             in language append on input line 10.
pdfTeX warning (ext4): destination with the same identifier (name{page.1}) has 
been already used, duplicate ignored
<to be read again> 
                   \relax 
l.10 \newpage
              [1

]
Package babel Info: Redefining russian shorthand "|
(babel)             in language append on input line 13.
Package babel Info: Redefining russian shorthand "~
(babel)             in language append on input line 13.
Package babel Info: Redefining russian shorthand "|
(babel)             in language append on input line 27.
Package babel Info: Redefining russian shorthand "~
(babel)             in language append on input line 27.
Package babel Info: Redefining russian shorthand "|
(babel)             in language append on input line 41.
Package babel Info: Redefining russian shorthand "~
(babel)             in language append on input line 41.
 (/usr/share/texmf-dist/tex/latex/listings/lstlang1.sty
File: lstlang1.sty 2015/06/04 1.6 listings language file
)
(/usr/share/texmf-dist/tex/latex/listings/lstlang1.sty
File: lstlang1.sty 2015/06/04 1.6 listings language file
)
(/usr/share/texmf-dist/tex/latex/listings/lstmisc.sty
File: lstmisc.sty 2015/06/04 1.6 (Carsten Heinz)
)
Package hyperref Info: bookmark level for unknown lstlisting defaults to 0 on i
nput line 49.

(../CirclesFigureArea/types.h
LaTeX Font Info:    External font `cmex10' loaded for size
(Font)              <8> on input line 10.
LaTeX Font Info:    External font `cmex10' loaded for size
(Font)              <6> on input line 10.
LaTeX Font Info:    Try loading font information for OMS+cmr on input line 24.
 (/usr/share/texmf-dist/tex/latex/base/omscmr.fd
File: omscmr.fd 2014/09/29 v2.5h Standard LaTeX font definitions
)
LaTeX Font Info:    Font shape `OMS/cmr/m/n' in size <8> not available
(Font)              Font shape `OMS/cmsy/m/n' tried instead on input line 24.
Package babel Info: Redefining russian shorthand "|
(babel)             in language append on input line 47.
Package babel Info: Redefining russian shorthand "~
(babel)             in language append on input line 47.
Package babel Info: Redefining russian shorthand "|
(babel)             in language append on input line 47.
Package babel Info: Redefining russian shorthand "~
(babel)             in language append on input line 47.

[2]) (../CirclesFigureArea/parser.h) (../CirclesFigureArea/solver.h)
(../CirclesFigureArea/solver.cpp
Package babel Info: Redefining russian shorthand "|
(babel)             in language append on input line 49.
Package babel Info: Redefining russian shorthand "~
(babel)             in language append on input line 49.
Package babel Info: Redefining russian shorthand "|
(babel)             in language append on input line 49.
Package babel Info: Redefining russian shorthand "~
(babel)             in language append on input line 49.
 [3]) (../CirclesFigureArea/solver.cpp)
(../CirclesFigureArea/solver.cpp) (../CirclesFigureArea/solver.cpp)
Package babel Info: Redefining russian shorthand "|
(babel)             in language append on input line 85.
Package babel Info: Redefining russian shorthand "~
(babel)             in language append on input line 85.
Package babel Info: Redefining russian shorthand "|
(babel)             in language append on input line 85.
Package babel Info: Redefining russian shorthand "~
(babel)             in language append on input line 85.
 [4]
Overfull \hbox (12.79913pt too wide) in paragraph at lines 90--91
[]\T2A/cmr/m/n/10 Таким об-ра-зом, по-сле пер-во-на-чаль-но-го те-сти-ро-ва-ния
 и вы-яв-ле-ния недо-стат-ков функ-ции random_simple
 []

Package babel Info: Redefining russian shorthand "|
(babel)             in language append on input line 97.
Package babel Info: Redefining russian shorthand "~
(babel)             in language append on input line 97.
(../CirclesFigureAreaPosix/types.h) (../CirclesFigureAreaPosix/solver.cpp)
(../CirclesFigureAreaPosix/solver.cpp
Package babel Info: Redefining russian shorthand "|
(babel)             in language append on input line 56.
Package babel Info: Redefining russian shorthand "~
(babel)             in language append on input line 56.
Package babel Info: Redefining russian shorthand "|
(babel)             in language append on input line 56.
Package babel Info: Redefining russian shorthand "~
(babel)             in language append on input line 56.
 [5])
(../CirclesFigureAreaPosix/solver.cpp) (../CirclesFigureAreaPosix/solver.cpp)
(../CirclesFigureAreaPosix/solver.cpp)
Package babel Info: Redefining russian shorthand "|
(babel)             in language append on input line 132.
Package babel Info: Redefining russian shorthand "~
(babel)             in language append on input line 132.
 (../CirclesFigureAreaMPI/solver.cpp
Package babel Info: Redefining russian shorthand "|
(babel)             in language append on input line 70.
Package babel Info: Redefining russian shorthand "~
(babel)             in language append on input line 70.
Package babel Info: Redefining russian shorthand "|
(babel)             in language append on input line 70.
Package babel Info: Redefining russian shorthand "~
(babel)             in language append on input line 70.

[6]) (../CirclesFigureAreaMPI/solver.cpp) (../CirclesFigureAreaMPI/solver.cpp)
Package babel Info: Redefining russian shorthand "|
(babel)             in language append on input line 159.
Package babel Info: Redefining russian shorthand "~
(babel)             in language append on input line 159.
LaTeX Font Info:    Font shape `OMS/cmr/m/n' in size <10> not available
(Font)              Font shape `OMS/cmsy/m/n' tried instead on input line 170.

(../CirclesFigureAreaPosix/results.log) (../CirclesFigureAreaPosix/results.log
Package babel Info: Redefining russian shorthand "|
(babel)             in language append on input line 521.
Package babel Info: Redefining russian shorthand "~
(babel)             in language append on input line 521.
Package babel Info: Redefining russian shorthand "|
(babel)             in language append on input line 521.
Package babel Info: Redefining russian shorthand "~
(babel)             in language append on input line 521.

[7]) (../CirclesFigureAreaPosix/results.log)
(../CirclesFigureAreaPosix/results.log) (../CirclesFigureAreaPosix/results.log)
(../CirclesFigureAreaPosix/results.log)
<pic/posix.png, id=397, 422.32782pt x 316.18124pt>
File: pic/posix.png Graphic file (type png)
 <use pic/posix.png>
Package pdftex.def Info: pic/posix.png used on input line 186.
(pdftex.def)             Requested size: 295.62746pt x 221.32535pt.
Package babel Info: Redefining russian shorthand "|
(babel)             in language append on input line 193.
Package babel Info: Redefining russian shorthand "~
(babel)             in language append on input line 193.
Package babel Info: Redefining russian shorthand "|
(babel)             in language append on input line 193.
Package babel Info: Redefining russian shorthand "~
(babel)             in language append on input line 193.
 [8 <./pic/posix.png (PNG copy)>] (../CirclesFigureAreaMPI/runtest.sh)
(../CirclesFigureAreaMPI/results.log) (../CirclesFigureAreaMPI/results.log)
(../CirclesFigureAreaMPI/results.log) (../CirclesFigureAreaMPI/results.log)
(../CirclesFigureAreaMPI/results.log) (../CirclesFigureAreaMPI/results.log)
<pic/mpi.png, id=444, 422.32782pt x 316.18124pt>
File: pic/mpi.png Graphic file (type png)
 <use pic/mpi.png>
Package pdftex.def Info: pic/mpi.png used on input line 219.
(pdftex.def)             Requested size: 295.62746pt x 221.32535pt.
Package babel Info: Redefining russian shorthand "|
(babel)             in language append on input line 224.
Package babel Info: Redefining russian shorthand "~
(babel)             in language append on input line 224.
Package babel Info: Redefining russian shorthand "|
(babel)             in language append on input line 224.
Package babel Info: Redefining russian shorthand "~
(babel)             in language append on input line 224.
 [9]
Package babel Info: Redefining russian shorthand "|
(babel)             in language append on input line 230.
Package babel Info: Redefining russian shorthand "~
(babel)             in language append on input line 230.

Overfull \hbox (0.76816pt too wide) in paragraph at lines 232--233
\T2A/cmr/m/n/10 ко по-то-ков. Глав-ным до-сто-и-но-ством та-ко-го под-хо-да яв-
ля-ет-ся от-сут-ствие раз-де-ле-ния ад-рес-ных про-странств
 []

Package babel Info: Redefining russian shorthand "|
(babel)             in language append on input line 237.
Package babel Info: Redefining russian shorthand "~
(babel)             in language append on input line 237.
(../CirclesFigureArea/main.cpp
Package babel Info: Redefining russian shorthand "|
(babel)             in language append on input line 12.
Package babel Info: Redefining russian shorthand "~
(babel)             in language append on input line 12.
Package babel Info: Redefining russian shorthand "|
(babel)             in language append on input line 12.
Package babel Info: Redefining russian shorthand "~
(babel)             in language append on input line 12.
 [10 <./pic/mpi.png (PNG copy)>])
Package babel Info: Redefining russian shorthand "|
(babel)             in language append on input line 246.
Package babel Info: Redefining russian shorthand "~
(babel)             in language append on input line 246.
Package babel Info: Redefining russian shorthand "|
(babel)             in language append on input line 246.
Package babel Info: Redefining russian shorthand "~
(babel)             in language append on input line 246.
 [11]
(../CirclesFigureArea/types.h
Package babel Info: Redefining russian shorthand "|
(babel)             in language append on input line 77.
Package babel Info: Redefining russian shorthand "~
(babel)             in language append on input line 77.
Package babel Info: Redefining russian shorthand "|
(babel)             in language append on input line 77.
Package babel Info: Redefining russian shorthand "~
(babel)             in language append on input line 77.
 [12]
LaTeX Font Info:    Font shape `OMS/cmr/m/it' in size <8> not available
(Font)              Font shape `OMS/cmsy/m/n' tried instead on input line 90.
) (../CirclesFigureArea/parser.h)
(../CirclesFigureArea/parser.cpp
Package babel Info: Redefining russian shorthand "|
(babel)             in language append on input line 20.
Package babel Info: Redefining russian shorthand "~
(babel)             in language append on input line 20.
Package babel Info: Redefining russian shorthand "|
(babel)             in language append on input line 20.
Package babel Info: Redefining russian shorthand "~
(babel)             in language append on input line 20.
 [13]) (../CirclesFigureArea/solver.h)
Package babel Info: Redefining russian shorthand "|
(babel)             in language append on input line 255.
Package babel Info: Redefining russian shorthand "~
(babel)             in language append on input line 255.
Package babel Info: Redefining russian shorthand "|
(babel)             in language append on input line 255.
Package babel Info: Redefining russian shorthand "~
(babel)             in language append on input line 255.
 [14]
(../CirclesFigureArea/solver.cpp
Package babel Info: Redefining russian shorthand "|
(babel)             in language append on input line 72.
Package babel Info: Redefining russian shorthand "~
(babel)             in language append on input line 72.
Package babel Info: Redefining russian shorthand "|
(babel)             in language append on input line 72.
Package babel Info: Redefining russian shorthand "~
(babel)             in language append on input line 72.
 [15]) (../CirclesFigureArea/randomizer.h)
(../CirclesFigureArea/randomizer.cpp
Package babel Info: Redefining russian shorthand "|
(babel)             in language append on input line 27.
Package babel Info: Redefining russian shorthand "~
(babel)             in language append on input line 27.
Package babel Info: Redefining russian shorthand "|
(babel)             in language append on input line 27.
Package babel Info: Redefining russian shorthand "~
(babel)             in language append on input line 27.
 [16]) (../CirclesFigureAreaPosix/main.cpp
Package babel Info: Redefining russian shorthand "|
(babel)             in language append on input line 58.
Package babel Info: Redefining russian shorthand "~
(babel)             in language append on input line 58.
Package babel Info: Redefining russian shorthand "|
(babel)             in language append on input line 58.
Package babel Info: Redefining russian shorthand "~
(babel)             in language append on input line 58.

[17])
Package babel Info: Redefining russian shorthand "|
(babel)             in language append on input line 267.
Package babel Info: Redefining russian shorthand "~
(babel)             in language append on input line 267.
Package babel Info: Redefining russian shorthand "|
(babel)             in language append on input line 267.
Package babel Info: Redefining russian shorthand "~
(babel)             in language append on input line 267.
 [18] (../CirclesFigureAreaPosix/types.h
Package babel Info: Redefining russian shorthand "|
(babel)             in language append on input line 78.
Package babel Info: Redefining russian shorthand "~
(babel)             in language append on input line 78.
Package babel Info: Redefining russian shorthand "|
(babel)             in language append on input line 78.
Package babel Info: Redefining russian shorthand "~
(babel)             in language append on input line 78.
 [19])
(../CirclesFigureAreaPosix/solver.h) (../CirclesFigureAreaPosix/solver.cpp
Package babel Info: Redefining russian shorthand "|
(babel)             in language append on input line 3.
Package babel Info: Redefining russian shorthand "~
(babel)             in language append on input line 3.
Package babel Info: Redefining russian shorthand "|
(babel)             in language append on input line 3.
Package babel Info: Redefining russian shorthand "~
(babel)             in language append on input line 3.

[20]
Package babel Info: Redefining russian shorthand "|
(babel)             in language append on input line 72.
Package babel Info: Redefining russian shorthand "~
(babel)             in language append on input line 72.
Package babel Info: Redefining russian shorthand "|
(babel)             in language append on input line 72.
Package babel Info: Redefining russian shorthand "~
(babel)             in language append on input line 72.
 [21]
Package babel Info: Redefining russian shorthand "|
(babel)             in language append on input line 146.
Package babel Info: Redefining russian shorthand "~
(babel)             in language append on input line 146.
Package babel Info: Redefining russian shorthand "|
(babel)             in language append on input line 146.
Package babel Info: Redefining russian shorthand "~
(babel)             in language append on input line 146.
 [22]) (../CirclesFigureAreaMPI/main.cpp
Package babel Info: Redefining russian shorthand "|
(babel)             in language append on input line 69.
Package babel Info: Redefining russian shorthand "~
(babel)             in language append on input line 69.
Package babel Info: Redefining russian shorthand "|
(babel)             in language append on input line 69.
Package babel Info: Redefining russian shorthand "~
(babel)             in language append on input line 69.
 [23]
Package babel Info: Redefining russian shorthand "|
(babel)             in language append on input line 138.
Package babel Info: Redefining russian shorthand "~
(babel)             in language append on input line 138.
Package babel Info: Redefining russian shorthand "|
(babel)             in language append on input line 138.
Package babel Info: Redefining russian shorthand "~
(babel)             in language append on input line 138.
 [24])
(../CirclesFigureAreaMPI/types.h
Package babel Info: Redefining russian shorthand "|
(babel)             in language append on input line 22.
Package babel Info: Redefining russian shorthand "~
(babel)             in language append on input line 22.
Package babel Info: Redefining russian shorthand "|
(babel)             in language append on input line 22.
Package babel Info: Redefining russian shorthand "~
(babel)             in language append on input line 22.
 [25]
Package babel Info: Redefining russian shorthand "|
(babel)             in language append on input line 98.
Package babel Info: Redefining russian shorthand "~
(babel)             in language append on input line 98.
Package babel Info: Redefining russian shorthand "|
(babel)             in language append on input line 98.
Package babel Info: Redefining russian shorthand "~
(babel)             in language append on input line 98.
 [26]) (../CirclesFigureAreaMPI/solver.h)
(../CirclesFigureAreaMPI/solver.cpp
Package babel Info: Redefining russian shorthand "|
(babel)             in language append on input line 31.
Package babel Info: Redefining russian shorthand "~
(babel)             in language append on input line 31.
Package babel Info: Redefining russian shorthand "|
(babel)             in language append on input line 31.
Package babel Info: Redefining russian shorthand "~
(babel)             in language append on input line 31.
 [27]
Package babel Info: Redefining russian shorthand "|
(babel)             in language append on input line 104.
Package babel Info: Redefining russian shorthand "~
(babel)             in language append on input line 104.
Package babel Info: Redefining russian shorthand "|
(babel)             in language append on input line 104.
Package babel Info: Redefining russian shorthand "~
(babel)             in language append on input line 104.
 [28])
Package atveryend Info: Empty hook `BeforeClearDocument' on input line 287.
Package babel Info: Redefining russian shorthand "|
(babel)             in language append on input line 287.
Package babel Info: Redefining russian shorthand "~
(babel)             in language append on input line 287.
Package babel Info: Redefining russian shorthand "|
(babel)             in language append on input line 287.
Package babel Info: Redefining russian shorthand "~
(babel)             in language append on input line 287.
 [29]
Package atveryend Info: Empty hook `AfterLastShipout' on input line 287.
 (./main.aux
(./titlepage.aux))
Package atveryend Info: Executing hook `AtVeryEndDocument' on input line 287.
Package atveryend Info: Executing hook `AtEndAfterFileList' on input line 287.


Package rerunfilecheck Warning: File `main.out' has changed.
(rerunfilecheck)                Rerun to get outlines right
(rerunfilecheck)                or use package `bookmark'.

Package rerunfilecheck Info: Checksums for `main.out':
(rerunfilecheck)             Before: 36C7D31894D0288A12A62D2E66C8D689;2500
(rerunfilecheck)             After:  18EF52D271DC710DE423CE6E90EE4CB9;2313.

LaTeX Warning: There were multiply-defined labels.

Package atveryend Info: Empty hook `AtVeryVeryEnd' on input line 287.
 ) 
Here is how much of TeX's memory you used:
 15748 strings out of 493054
 226202 string characters out of 6140586
 713985 words of memory out of 5000000
 17248 multiletter control sequences out of 15000+600000
 14389 words of font info for 31 fonts, out of 8000000 for 9000
 1141 hyphenation exceptions out of 8191
 40i,7n,61p,1413b,1297s stack positions out of 5000i,500n,10000p,200000b,80000s
pdfTeX warning (dest): name{section.6} has been referenced but does not exist
, replaced by a fixed one

{/usr/share/texmf-dist/fonts/enc/dvips/cm-super/cm-super-t2a.enc}</usr/share/te
xmf-dist/fonts/type1/public/amsfonts/cm/cmmi8.pfb></usr/share/texmf-dist/fonts/
type1/public/amsfonts/cm/cmsy10.pfb></usr/share/texmf-dist/fonts/type1/public/a
msfonts/cm/cmsy8.pfb></usr/share/texmf-dist/fonts/type1/public/cm-super/sfbx080
0.pfb></usr/share/texmf-dist/fonts/type1/public/cm-super/sfbx1000.pfb></usr/sha
re/texmf-dist/fonts/type1/public/cm-super/sfbx1200.pfb></usr/share/texmf-dist/f
onts/type1/public/cm-super/sfbx1440.pfb></usr/share/texmf-dist/fonts/type1/publ
ic/cm-super/sfrm0800.pfb></usr/share/texmf-dist/fonts/type1/public/cm-super/sfr
m1000.pfb></usr/share/texmf-dist/fonts/type1/public/cm-super/sfrm1200.pfb></usr
/share/texmf-dist/fonts/type1/public/cm-super/sfrm2074.pfb></usr/share/texmf-di
st/fonts/type1/public/cm-super/sfti0800.pfb>
Output written on main.pdf (30 pages, 453793 bytes).
PDF statistics:
 2355 PDF objects out of 2487 (max. 8388607)
 2286 compressed objects within 23 object streams
 1783 named destinations out of 2073 (max. 500000)
 83 words of extra memory for PDF output out of 10000 (max. 10000000)

